{"timestamp": "2025-12-08 11:16:08,993", "level": "INFO", "logger": "aiogram.dispatcher", "message": "Start polling", "module": "dispatcher", "func": "start_polling", "line": 566}
{"timestamp": "2025-12-08 11:16:09,682", "level": "INFO", "logger": "aiogram.dispatcher", "message": "Run polling for bot @teremok_manager_bot id=8200223342 - 'Теремок Симулятор Менеджера'", "module": "dispatcher", "func": "_polling", "line": 363}
{"timestamp": "2025-12-08 11:16:28,837", "level": "INFO", "logger": "aiogram.event", "message": "Update id=655974765 is handled. Duration 658 ms by bot id=8200223342", "module": "dispatcher", "func": "feed_update", "line": 172}
{"timestamp": "2025-12-08 11:16:35,292", "level": "INFO", "logger": "core.telegram_checks", "message": "Проверка подписки для user_id=7230904491: status=creator, subscribed=True", "module": "telegram_checks", "func": "is_subscribed_to_required_channel", "line": 38}
{"timestamp": "2025-12-08 11:16:47,040", "level": "INFO", "logger": "web.routes", "message": "Test result saved for user 7230904491: fox (ID: 1)", "module": "routes", "func": "submit_test_results", "line": 202}
{"timestamp": "2025-12-08 11:16:47,062", "level": "ERROR", "logger": "web.routes", "message": "Failed to export test to sheets: 'UserContact' object has no attribute 'get'", "module": "routes", "func": "submit_test_results", "line": 227}
{"timestamp": "2025-12-08 11:16:57,003", "level": "INFO", "logger": "core.telegram_checks", "message": "Проверка подписки для user_id=7230904491: status=creator, subscribed=True", "module": "telegram_checks", "func": "is_subscribed_to_required_channel", "line": 38}
{"timestamp": "2025-12-08 11:17:03,199", "level": "INFO", "logger": "web.routes", "message": "Formula RSP result saved for 7230904491: status (ID: 3)", "module": "routes", "func": "submit_formula_rsp_results", "line": 438}
{"timestamp": "2025-12-08 11:17:03,210", "level": "ERROR", "logger": "web.routes", "message": "Failed to export Formula RSP to sheets: 'FormulaRSPResult' object has no attribute 'primary_type_name'", "module": "routes", "func": "submit_formula_rsp_results", "line": 457}
{"timestamp": "2025-12-08 11:17:03,211", "level": "ERROR", "logger": "web.routes", "message": "Error in submit_formula_rsp_results: 'FormulaRSPResult' object has no attribute 'primary_type_name'", "module": "routes", "func": "submit_formula_rsp_results", "line": 486}
{"timestamp": "2025-12-08 11:19:23,851", "level": "WARNING", "logger": "aiogram.dispatcher", "message": "Received SIGTERM signal", "module": "dispatcher", "func": "_signal_stop_polling", "line": 491}
{"timestamp": "2025-12-08 11:19:23,853", "level": "INFO", "logger": "aiogram.dispatcher", "message": "Polling stopped for bot @teremok_manager_bot id=8200223342 - 'Теремок Симулятор Менеджера'", "module": "dispatcher", "func": "_polling", "line": 395}
{"timestamp": "2025-12-08 11:19:23,853", "level": "INFO", "logger": "aiogram.dispatcher", "message": "Polling stopped", "module": "dispatcher", "func": "start_polling", "line": 594}
{"timestamp": "2025-12-08 11:19:24,039", "level": "WARNING", "logger": "aiogram.dispatcher", "message": "Received SIGTERM signal", "module": "dispatcher", "func": "_signal_stop_polling", "line": 491}
{"timestamp": "2025-12-08 11:19:26,820", "level": "INFO", "logger": "aiogram.dispatcher", "message": "Start polling", "module": "dispatcher", "func": "start_polling", "line": 566}
{"timestamp": "2025-12-08 11:19:27,416", "level": "INFO", "logger": "aiogram.dispatcher", "message": "Run polling for bot @teremok_manager_bot id=8200223342 - 'Теремок Симулятор Менеджера'", "module": "dispatcher", "func": "_polling", "line": 363}
{"timestamp": "2025-12-08 11:19:43,459", "level": "INFO", "logger": "web.routes", "message": "Formula RSP result saved for 7230904491: status (ID: 6)", "module": "routes", "func": "submit_formula_rsp_results", "line": 438}
{"timestamp": "2025-12-08 11:19:43,500", "level": "ERROR", "logger": "web.routes", "message": "Failed to export Formula RSP to sheets: 'FormulaRSPResult' object has no attribute 'primary_type_name'", "module": "routes", "func": "submit_formula_rsp_results", "line": 457}
{"timestamp": "2025-12-08 11:19:43,500", "level": "ERROR", "logger": "web.routes", "message": "Error in submit_formula_rsp_results: 'FormulaRSPResult' object has no attribute 'primary_type_name'", "module": "routes", "func": "submit_formula_rsp_results", "line": 486}
{"timestamp": "2025-12-08 11:19:48,467", "level": "INFO", "logger": "core.telegram_checks", "message": "Проверка подписки для user_id=7230904491: status=creator, subscribed=True", "module": "telegram_checks", "func": "is_subscribed_to_required_channel", "line": 38}
{"timestamp": "2025-12-08 11:19:53,424", "level": "INFO", "logger": "web.routes", "message": "Formula RSP result saved for 7230904491: status (ID: 7)", "module": "routes", "func": "submit_formula_rsp_results", "line": 438}
{"timestamp": "2025-12-08 11:19:53,438", "level": "ERROR", "logger": "web.routes", "message": "Failed to export Formula RSP to sheets: 'FormulaRSPResult' object has no attribute 'primary_type_name'", "module": "routes", "func": "submit_formula_rsp_results", "line": 457}
{"timestamp": "2025-12-08 11:19:53,439", "level": "ERROR", "logger": "web.routes", "message": "Error in submit_formula_rsp_results: 'FormulaRSPResult' object has no attribute 'primary_type_name'", "module": "routes", "func": "submit_formula_rsp_results", "line": 486}
{"timestamp": "2025-12-08 11:19:58,879", "level": "INFO", "logger": "aiogram.event", "message": "Update id=655974766 is handled. Duration 516 ms by bot id=8200223342", "module": "dispatcher", "func": "feed_update", "line": 172}
{"timestamp": "2025-12-08 11:20:02,905", "level": "INFO", "logger": "core.telegram_checks", "message": "Проверка подписки для user_id=7230904491: status=creator, subscribed=True", "module": "telegram_checks", "func": "is_subscribed_to_required_channel", "line": 38}
{"timestamp": "2025-12-08 11:20:10,801", "level": "INFO", "logger": "web.routes", "message": "Formula RSP result saved for 7230904491: process (ID: 8)", "module": "routes", "func": "submit_formula_rsp_results", "line": 438}
{"timestamp": "2025-12-08 11:20:10,814", "level": "ERROR", "logger": "web.routes", "message": "Failed to export Formula RSP to sheets: 'FormulaRSPResult' object has no attribute 'primary_type_name'", "module": "routes", "func": "submit_formula_rsp_results", "line": 457}
{"timestamp": "2025-12-08 11:20:10,814", "level": "ERROR", "logger": "web.routes", "message": "Error in submit_formula_rsp_results: 'FormulaRSPResult' object has no attribute 'primary_type_name'", "module": "routes", "func": "submit_formula_rsp_results", "line": 486}
{"timestamp": "2025-12-08 11:20:56,206", "level": "WARNING", "logger": "aiogram.dispatcher", "message": "Received SIGTERM signal", "module": "dispatcher", "func": "_signal_stop_polling", "line": 491}
{"timestamp": "2025-12-08 11:20:56,208", "level": "INFO", "logger": "aiogram.dispatcher", "message": "Polling stopped for bot @teremok_manager_bot id=8200223342 - 'Теремок Симулятор Менеджера'", "module": "dispatcher", "func": "_polling", "line": 395}
{"timestamp": "2025-12-08 11:20:56,208", "level": "INFO", "logger": "aiogram.dispatcher", "message": "Polling stopped", "module": "dispatcher", "func": "start_polling", "line": 594}
{"timestamp": "2025-12-08 11:20:56,363", "level": "WARNING", "logger": "aiogram.dispatcher", "message": "Received SIGTERM signal", "module": "dispatcher", "func": "_signal_stop_polling", "line": 491}
{"timestamp": "2025-12-08 11:20:59,214", "level": "INFO", "logger": "aiogram.dispatcher", "message": "Start polling", "module": "dispatcher", "func": "start_polling", "line": 566}
{"timestamp": "2025-12-08 11:21:00,298", "level": "INFO", "logger": "aiogram.dispatcher", "message": "Run polling for bot @teremok_manager_bot id=8200223342 - 'Теремок Симулятор Менеджера'", "module": "dispatcher", "func": "_polling", "line": 363}
{"timestamp": "2025-12-08 13:03:42,066", "level": "ERROR", "logger": "aiogram.dispatcher", "message": "Failed to fetch updates - TelegramNetworkError: HTTP Client says - ClientConnectorError: Cannot connect to host api.telegram.org:443 ssl:default [Connection reset by peer]", "module": "dispatcher", "func": "_listen_updates", "line": 219}
{"timestamp": "2025-12-08 13:03:42,069", "level": "WARNING", "logger": "aiogram.dispatcher", "message": "Sleep for 1.000000 seconds and try again... (tryings = 0, bot id = 8200223342)", "module": "dispatcher", "func": "_listen_updates", "line": 221}
{"timestamp": "2025-12-08 13:03:55,014", "level": "INFO", "logger": "aiogram.dispatcher", "message": "Connection established (tryings = 1, bot id = 8200223342)", "module": "dispatcher", "func": "_listen_updates", "line": 233}
{"timestamp": "2025-12-08 14:05:55,401", "level": "ERROR", "logger": "aiogram.dispatcher", "message": "Failed to fetch updates - TelegramNetworkError: HTTP Client says - Request timeout error", "module": "dispatcher", "func": "_listen_updates", "line": 219}
{"timestamp": "2025-12-08 14:05:55,404", "level": "WARNING", "logger": "aiogram.dispatcher", "message": "Sleep for 1.000000 seconds and try again... (tryings = 0, bot id = 8200223342)", "module": "dispatcher", "func": "_listen_updates", "line": 221}
{"timestamp": "2025-12-08 14:06:07,125", "level": "INFO", "logger": "aiogram.dispatcher", "message": "Connection established (tryings = 1, bot id = 8200223342)", "module": "dispatcher", "func": "_listen_updates", "line": 233}
{"timestamp": "2025-12-08 14:32:04,904", "level": "WARNING", "logger": "aiogram.dispatcher", "message": "Received SIGTERM signal", "module": "dispatcher", "func": "_signal_stop_polling", "line": 491}
{"timestamp": "2025-12-08 14:32:04,907", "level": "INFO", "logger": "aiogram.dispatcher", "message": "Polling stopped for bot @teremok_manager_bot id=8200223342 - 'Теремок Симулятор Менеджера'", "module": "dispatcher", "func": "_polling", "line": 395}
{"timestamp": "2025-12-08 14:32:04,907", "level": "INFO", "logger": "aiogram.dispatcher", "message": "Polling stopped", "module": "dispatcher", "func": "start_polling", "line": 594}
{"timestamp": "2025-12-08 14:32:05,012", "level": "WARNING", "logger": "aiogram.dispatcher", "message": "Received SIGTERM signal", "module": "dispatcher", "func": "_signal_stop_polling", "line": 491}
{"timestamp": "2025-12-08 14:32:08,077", "level": "INFO", "logger": "aiogram.dispatcher", "message": "Start polling", "module": "dispatcher", "func": "start_polling", "line": 566}
{"timestamp": "2025-12-08 14:32:08,986", "level": "INFO", "logger": "aiogram.dispatcher", "message": "Run polling for bot @teremok_manager_bot id=8200223342 - 'Теремок Симулятор Менеджера'", "module": "dispatcher", "func": "_polling", "line": 363}
{"timestamp": "2025-12-08 14:32:56,369", "level": "WARNING", "logger": "aiogram.dispatcher", "message": "Received SIGTERM signal", "module": "dispatcher", "func": "_signal_stop_polling", "line": 491}
{"timestamp": "2025-12-08 14:32:56,370", "level": "INFO", "logger": "aiogram.dispatcher", "message": "Polling stopped for bot @teremok_manager_bot id=8200223342 - 'Теремок Симулятор Менеджера'", "module": "dispatcher", "func": "_polling", "line": 395}
{"timestamp": "2025-12-08 14:32:56,370", "level": "INFO", "logger": "aiogram.dispatcher", "message": "Polling stopped", "module": "dispatcher", "func": "start_polling", "line": 594}
{"timestamp": "2025-12-08 14:32:56,489", "level": "WARNING", "logger": "aiogram.dispatcher", "message": "Received SIGTERM signal", "module": "dispatcher", "func": "_signal_stop_polling", "line": 491}
{"timestamp": "2025-12-08 14:32:59,453", "level": "INFO", "logger": "aiogram.dispatcher", "message": "Start polling", "module": "dispatcher", "func": "start_polling", "line": 566}
{"timestamp": "2025-12-08 14:33:00,030", "level": "INFO", "logger": "aiogram.dispatcher", "message": "Run polling for bot @teremok_manager_bot id=8200223342 - 'Теремок Симулятор Менеджера'", "module": "dispatcher", "func": "_polling", "line": 363}
{"timestamp": "2025-12-08 15:28:57,775", "level": "WARNING", "logger": "aiogram.dispatcher", "message": "Received SIGTERM signal", "module": "dispatcher", "func": "_signal_stop_polling", "line": 491}
{"timestamp": "2025-12-08 15:28:57,778", "level": "INFO", "logger": "aiogram.dispatcher", "message": "Polling stopped for bot @teremok_manager_bot id=8200223342 - 'Теремок Симулятор Менеджера'", "module": "dispatcher", "func": "_polling", "line": 395}
{"timestamp": "2025-12-08 15:28:57,778", "level": "INFO", "logger": "aiogram.dispatcher", "message": "Polling stopped", "module": "dispatcher", "func": "start_polling", "line": 594}
{"timestamp": "2025-12-08 15:28:57,888", "level": "WARNING", "logger": "aiogram.dispatcher", "message": "Received SIGTERM signal", "module": "dispatcher", "func": "_signal_stop_polling", "line": 491}
{"timestamp": "2025-12-08 15:29:01,002", "level": "INFO", "logger": "aiogram.dispatcher", "message": "Start polling", "module": "dispatcher", "func": "start_polling", "line": 566}
{"timestamp": "2025-12-08 15:29:01,690", "level": "INFO", "logger": "aiogram.dispatcher", "message": "Run polling for bot @teremok_manager_bot id=8200223342 - 'Теремок Симулятор Менеджера'", "module": "dispatcher", "func": "_polling", "line": 363}
{"timestamp": "2025-12-08 16:07:04,736", "level": "INFO", "logger": "aiogram.event", "message": "Update id=655974767 is handled. Duration 637 ms by bot id=8200223342", "module": "dispatcher", "func": "feed_update", "line": 172}
{"timestamp": "2025-12-08 16:07:09,880", "level": "INFO", "logger": "aiogram.event", "message": "Update id=655974768 is handled. Duration 459 ms by bot id=8200223342", "module": "dispatcher", "func": "feed_update", "line": 172}
{"timestamp": "2025-12-08 16:07:13,020", "level": "INFO", "logger": "aiogram.event", "message": "Update id=655974769 is handled. Duration 261 ms by bot id=8200223342", "module": "dispatcher", "func": "feed_update", "line": 172}
{"timestamp": "2025-12-08 16:07:23,889", "level": "INFO", "logger": "aiogram.event", "message": "Update id=655974770 is handled. Duration 433 ms by bot id=8200223342", "module": "dispatcher", "func": "feed_update", "line": 172}
{"timestamp": "2025-12-08 16:07:27,974", "level": "INFO", "logger": "aiogram.event", "message": "Update id=655974771 is handled. Duration 337 ms by bot id=8200223342", "module": "dispatcher", "func": "feed_update", "line": 172}
{"timestamp": "2025-12-08 16:09:52,029", "level": "INFO", "logger": "aiogram.event", "message": "Update id=655974772 is handled. Duration 254 ms by bot id=8200223342", "module": "dispatcher", "func": "feed_update", "line": 172}
{"timestamp": "2025-12-08 16:09:54,240", "level": "INFO", "logger": "aiogram.event", "message": "Update id=655974773 is handled. Duration 222 ms by bot id=8200223342", "module": "dispatcher", "func": "feed_update", "line": 172}
{"timestamp": "2025-12-08 16:10:10,540", "level": "INFO", "logger": "aiogram.event", "message": "Update id=655974774 is handled. Duration 243 ms by bot id=8200223342", "module": "dispatcher", "func": "feed_update", "line": 172}
{"timestamp": "2025-12-08 16:10:18,728", "level": "INFO", "logger": "aiogram.event", "message": "Update id=655974775 is handled. Duration 395 ms by bot id=8200223342", "module": "dispatcher", "func": "feed_update", "line": 172}
{"timestamp": "2025-12-08 16:12:54,117", "level": "WARNING", "logger": "aiogram.dispatcher", "message": "Received SIGTERM signal", "module": "dispatcher", "func": "_signal_stop_polling", "line": 491}
{"timestamp": "2025-12-08 16:12:54,118", "level": "INFO", "logger": "aiogram.dispatcher", "message": "Polling stopped for bot @teremok_manager_bot id=8200223342 - 'Теремок Симулятор Менеджера'", "module": "dispatcher", "func": "_polling", "line": 395}
{"timestamp": "2025-12-08 16:12:54,119", "level": "INFO", "logger": "aiogram.dispatcher", "message": "Polling stopped", "module": "dispatcher", "func": "start_polling", "line": 594}
{"timestamp": "2025-12-08 16:12:54,298", "level": "WARNING", "logger": "aiogram.dispatcher", "message": "Received SIGTERM signal", "module": "dispatcher", "func": "_signal_stop_polling", "line": 491}
{"timestamp": "2025-12-08 16:12:57,206", "level": "INFO", "logger": "aiogram.dispatcher", "message": "Start polling", "module": "dispatcher", "func": "start_polling", "line": 566}
{"timestamp": "2025-12-08 16:12:58,092", "level": "INFO", "logger": "aiogram.dispatcher", "message": "Run polling for bot @teremok_manager_bot id=8200223342 - 'Теремок Симулятор Менеджера'", "module": "dispatcher", "func": "_polling", "line": 363}
{"timestamp": "2025-12-08 16:16:04,973", "level": "WARNING", "logger": "aiogram.dispatcher", "message": "Received SIGTERM signal", "module": "dispatcher", "func": "_signal_stop_polling", "line": 491}
{"timestamp": "2025-12-08 16:16:04,974", "level": "INFO", "logger": "aiogram.dispatcher", "message": "Polling stopped for bot @teremok_manager_bot id=8200223342 - 'Теремок Симулятор Менеджера'", "module": "dispatcher", "func": "_polling", "line": 395}
{"timestamp": "2025-12-08 16:16:04,974", "level": "INFO", "logger": "aiogram.dispatcher", "message": "Polling stopped", "module": "dispatcher", "func": "start_polling", "line": 594}
{"timestamp": "2025-12-08 16:16:05,135", "level": "WARNING", "logger": "aiogram.dispatcher", "message": "Received SIGTERM signal", "module": "dispatcher", "func": "_signal_stop_polling", "line": 491}
{"timestamp": "2025-12-08 16:16:08,059", "level": "INFO", "logger": "aiogram.dispatcher", "message": "Start polling", "module": "dispatcher", "func": "start_polling", "line": 566}
{"timestamp": "2025-12-08 16:16:08,848", "level": "INFO", "logger": "aiogram.dispatcher", "message": "Run polling for bot @teremok_manager_bot id=8200223342 - 'Теремок Симулятор Менеджера'", "module": "dispatcher", "func": "_polling", "line": 363}
{"timestamp": "2025-12-08 16:16:25,150", "level": "INFO", "logger": "web.admin_routes", "message": "Admin dashboard accessed from 127.0.0.1", "module": "admin_routes", "func": "admin_dashboard", "line": 144}
{"timestamp": "2025-12-08 16:18:30,435", "level": "WARNING", "logger": "aiogram.dispatcher", "message": "Received SIGTERM signal", "module": "dispatcher", "func": "_signal_stop_polling", "line": 491}
{"timestamp": "2025-12-08 16:18:30,436", "level": "INFO", "logger": "aiogram.dispatcher", "message": "Polling stopped for bot @teremok_manager_bot id=8200223342 - 'Теремок Симулятор Менеджера'", "module": "dispatcher", "func": "_polling", "line": 395}
{"timestamp": "2025-12-08 16:18:30,436", "level": "INFO", "logger": "aiogram.dispatcher", "message": "Polling stopped", "module": "dispatcher", "func": "start_polling", "line": 594}
{"timestamp": "2025-12-08 16:18:30,577", "level": "WARNING", "logger": "aiogram.dispatcher", "message": "Received SIGTERM signal", "module": "dispatcher", "func": "_signal_stop_polling", "line": 491}
{"timestamp": "2025-12-08 16:18:33,397", "level": "INFO", "logger": "aiogram.dispatcher", "message": "Start polling", "module": "dispatcher", "func": "start_polling", "line": 566}
{"timestamp": "2025-12-08 16:18:33,966", "level": "INFO", "logger": "aiogram.dispatcher", "message": "Run polling for bot @teremok_manager_bot id=8200223342 - 'Теремок Симулятор Менеджера'", "module": "dispatcher", "func": "_polling", "line": 363}
{"timestamp": "2025-12-08 16:18:57,548", "level": "INFO", "logger": "web.admin_routes", "message": "Admin dashboard accessed from 127.0.0.1", "module": "admin_routes", "func": "admin_dashboard", "line": 144}
{"timestamp": "2025-12-08 16:19:46,299", "level": "WARNING", "logger": "aiogram.dispatcher", "message": "Received SIGTERM signal", "module": "dispatcher", "func": "_signal_stop_polling", "line": 491}
{"timestamp": "2025-12-08 16:19:46,299", "level": "INFO", "logger": "aiogram.dispatcher", "message": "Polling stopped for bot @teremok_manager_bot id=8200223342 - 'Теремок Симулятор Менеджера'", "module": "dispatcher", "func": "_polling", "line": 395}
{"timestamp": "2025-12-08 16:19:46,300", "level": "INFO", "logger": "aiogram.dispatcher", "message": "Polling stopped", "module": "dispatcher", "func": "start_polling", "line": 594}
{"timestamp": "2025-12-08 16:19:46,454", "level": "WARNING", "logger": "aiogram.dispatcher", "message": "Received SIGTERM signal", "module": "dispatcher", "func": "_signal_stop_polling", "line": 491}
{"timestamp": "2025-12-08 16:19:49,369", "level": "INFO", "logger": "aiogram.dispatcher", "message": "Start polling", "module": "dispatcher", "func": "start_polling", "line": 566}
{"timestamp": "2025-12-08 16:19:50,114", "level": "INFO", "logger": "aiogram.dispatcher", "message": "Run polling for bot @teremok_manager_bot id=8200223342 - 'Теремок Симулятор Менеджера'", "module": "dispatcher", "func": "_polling", "line": 363}
{"timestamp": "2025-12-08 16:20:05,665", "level": "INFO", "logger": "web.admin_routes", "message": "Admin dashboard accessed from 127.0.0.1", "module": "admin_routes", "func": "admin_dashboard", "line": 144}
{"timestamp": "2025-12-08 16:20:39,584", "level": "WARNING", "logger": "aiogram.dispatcher", "message": "Received SIGTERM signal", "module": "dispatcher", "func": "_signal_stop_polling", "line": 491}
{"timestamp": "2025-12-08 16:20:39,585", "level": "INFO", "logger": "aiogram.dispatcher", "message": "Polling stopped for bot @teremok_manager_bot id=8200223342 - 'Теремок Симулятор Менеджера'", "module": "dispatcher", "func": "_polling", "line": 395}
{"timestamp": "2025-12-08 16:20:39,585", "level": "INFO", "logger": "aiogram.dispatcher", "message": "Polling stopped", "module": "dispatcher", "func": "start_polling", "line": 594}
{"timestamp": "2025-12-08 16:20:39,762", "level": "WARNING", "logger": "aiogram.dispatcher", "message": "Received SIGTERM signal", "module": "dispatcher", "func": "_signal_stop_polling", "line": 491}
{"timestamp": "2025-12-08 16:20:42,690", "level": "INFO", "logger": "aiogram.dispatcher", "message": "Start polling", "module": "dispatcher", "func": "start_polling", "line": 566}
{"timestamp": "2025-12-08 16:20:43,371", "level": "INFO", "logger": "aiogram.dispatcher", "message": "Run polling for bot @teremok_manager_bot id=8200223342 - 'Теремок Симулятор Менеджера'", "module": "dispatcher", "func": "_polling", "line": 363}
{"timestamp": "2025-12-08 16:20:56,680", "level": "INFO", "logger": "web.admin_routes", "message": "Admin dashboard accessed from 127.0.0.1", "module": "admin_routes", "func": "admin_dashboard", "line": 145}
{"timestamp": "2025-12-08 16:20:56,919", "level": "ERROR", "logger": "web.admin_routes", "message": "Error in admin_dashboard: 'datetime.datetime' object is not subscriptable", "module": "admin_routes", "func": "admin_dashboard", "line": 180, "exception": "Traceback (most recent call last):\n  File \"/Library/teremok_game_bot/web/admin_routes.py\", line 169, in admin_dashboard\n    return templates.TemplateResponse(\"admin/dashboard.html\", {\n           ^^^^^^^^^^^^^^^^^^^^^^^^^^^^^^^^^^^^^^^^^^^^^^^^^^^^\n  File \"/Library/teremok_game_bot/venv/lib/python3.12/site-packages/starlette/templating.py\", line 210, in TemplateResponse\n    return _TemplateResponse(\n           ^^^^^^^^^^^^^^^^^^\n  File \"/Library/teremok_game_bot/venv/lib/python3.12/site-packages/starlette/templating.py\", line 41, in __init__\n    content = template.render(context)\n              ^^^^^^^^^^^^^^^^^^^^^^^^\n  File \"/Library/teremok_game_bot/venv/lib/python3.12/site-packages/jinja2/environment.py\", line 1295, in render\n    self.environment.handle_exception()\n  File \"/Library/teremok_game_bot/venv/lib/python3.12/site-packages/jinja2/environment.py\", line 942, in handle_exception\n    raise rewrite_traceback_stack(source=source)\n  File \"/Library/teremok_game_bot/web/templates/admin/dashboard.html\", line 1, in top-level template code\n    {% extends \"admin/base_admin.html\" %}\n    ^^^^^^^^^^^^^^^^^^^^^^^^^\n  File \"/Library/teremok_game_bot/web/templates/admin/base_admin.html\", line 59, in top-level template code\n    {% block content %}{% endblock %}\n    ^^^^^^^^^^^^^^^^^^^^^^^^^\n  File \"/Library/teremok_game_bot/web/templates/admin/dashboard.html\", line 122, in block 'content'\n    <div style=\"font-size: 0.75rem; color: var(--text-secondary);\">{{ lead.created_at[:10] }}</div>\n    ^^^^^^^^^^^^^^^^^^^^^^^^^\nTypeError: 'datetime.datetime' object is not subscriptable"}
{"timestamp": "2025-12-08 16:21:54,041", "level": "WARNING", "logger": "aiogram.dispatcher", "message": "Received SIGTERM signal", "module": "dispatcher", "func": "_signal_stop_polling", "line": 491}
{"timestamp": "2025-12-08 16:21:54,042", "level": "INFO", "logger": "aiogram.dispatcher", "message": "Polling stopped for bot @teremok_manager_bot id=8200223342 - 'Теремок Симулятор Менеджера'", "module": "dispatcher", "func": "_polling", "line": 395}
{"timestamp": "2025-12-08 16:21:54,042", "level": "INFO", "logger": "aiogram.dispatcher", "message": "Polling stopped", "module": "dispatcher", "func": "start_polling", "line": 594}
{"timestamp": "2025-12-08 16:21:54,184", "level": "WARNING", "logger": "aiogram.dispatcher", "message": "Received SIGTERM signal", "module": "dispatcher", "func": "_signal_stop_polling", "line": 491}
{"timestamp": "2025-12-08 16:23:05,845", "level": "INFO", "logger": "aiogram.dispatcher", "message": "Start polling", "module": "dispatcher", "func": "start_polling", "line": 566}
{"timestamp": "2025-12-08 16:23:06,419", "level": "INFO", "logger": "aiogram.dispatcher", "message": "Run polling for bot @teremok_manager_bot id=8200223342 - 'Теремок Симулятор Менеджера'", "module": "dispatcher", "func": "_polling", "line": 363}
{"timestamp": "2025-12-08 16:23:29,986", "level": "INFO", "logger": "web.admin_routes", "message": "Admin dashboard accessed from 127.0.0.1", "module": "admin_routes", "func": "admin_dashboard", "line": 157}
{"timestamp": "2025-12-08 16:24:03,445", "level": "WARNING", "logger": "aiogram.dispatcher", "message": "Received SIGTERM signal", "module": "dispatcher", "func": "_signal_stop_polling", "line": 491}
{"timestamp": "2025-12-08 16:24:03,445", "level": "INFO", "logger": "aiogram.dispatcher", "message": "Polling stopped for bot @teremok_manager_bot id=8200223342 - 'Теремок Симулятор Менеджера'", "module": "dispatcher", "func": "_polling", "line": 395}
{"timestamp": "2025-12-08 16:24:03,446", "level": "INFO", "logger": "aiogram.dispatcher", "message": "Polling stopped", "module": "dispatcher", "func": "start_polling", "line": 594}
{"timestamp": "2025-12-08 16:24:03,568", "level": "WARNING", "logger": "aiogram.dispatcher", "message": "Received SIGTERM signal", "module": "dispatcher", "func": "_signal_stop_polling", "line": 491}
{"timestamp": "2025-12-08 16:24:06,440", "level": "INFO", "logger": "aiogram.dispatcher", "message": "Start polling", "module": "dispatcher", "func": "start_polling", "line": 566}
{"timestamp": "2025-12-08 16:24:07,217", "level": "INFO", "logger": "aiogram.dispatcher", "message": "Run polling for bot @teremok_manager_bot id=8200223342 - 'Теремок Симулятор Менеджера'", "module": "dispatcher", "func": "_polling", "line": 363}
{"timestamp": "2025-12-08 16:24:21,408", "level": "WARNING", "logger": "aiogram.dispatcher", "message": "Received SIGTERM signal", "module": "dispatcher", "func": "_signal_stop_polling", "line": 491}
{"timestamp": "2025-12-08 16:24:21,409", "level": "INFO", "logger": "aiogram.dispatcher", "message": "Polling stopped for bot @teremok_manager_bot id=8200223342 - 'Теремок Симулятор Менеджера'", "module": "dispatcher", "func": "_polling", "line": 395}
{"timestamp": "2025-12-08 16:24:21,409", "level": "INFO", "logger": "aiogram.dispatcher", "message": "Polling stopped", "module": "dispatcher", "func": "start_polling", "line": 594}
{"timestamp": "2025-12-08 16:24:21,539", "level": "WARNING", "logger": "aiogram.dispatcher", "message": "Received SIGTERM signal", "module": "dispatcher", "func": "_signal_stop_polling", "line": 491}
{"timestamp": "2025-12-08 16:24:24,359", "level": "INFO", "logger": "aiogram.dispatcher", "message": "Start polling", "module": "dispatcher", "func": "start_polling", "line": 566}
{"timestamp": "2025-12-08 16:24:25,147", "level": "INFO", "logger": "aiogram.dispatcher", "message": "Run polling for bot @teremok_manager_bot id=8200223342 - 'Теремок Симулятор Менеджера'", "module": "dispatcher", "func": "_polling", "line": 363}
{"timestamp": "2025-12-08 16:27:35,403", "level": "INFO", "logger": "web.admin_routes", "message": "Admin dashboard accessed from 37.120.138.17", "module": "admin_routes", "func": "admin_dashboard", "line": 157}
{"timestamp": "2025-12-08 16:27:38,857", "level": "INFO", "logger": "web.admin_routes", "message": "Admin leads accessed, status=all, search=", "module": "admin_routes", "func": "admin_leads", "line": 213}
{"timestamp": "2025-12-08 16:27:40,023", "level": "INFO", "logger": "web.admin_routes", "message": "Admin tests accessed, product=all, result_type=all", "module": "admin_routes", "func": "admin_tests", "line": 254}
{"timestamp": "2025-12-08 16:27:41,769", "level": "INFO", "logger": "web.admin_routes", "message": "Admin leads accessed, status=all, search=", "module": "admin_routes", "func": "admin_leads", "line": 213}
{"timestamp": "2025-12-08 16:27:42,601", "level": "INFO", "logger": "web.admin_routes", "message": "Admin dashboard accessed from 37.120.138.17", "module": "admin_routes", "func": "admin_dashboard", "line": 157}
{"timestamp": "2025-12-10 16:48:57,902", "level": "INFO", "logger": "infrastructure.db", "message": "Database connection pool created", "module": "db", "func": "connect", "line": 19}
{"timestamp": "2025-12-10 16:48:57,902", "level": "INFO", "logger": "core.database", "message": "Using existing pool for DB init.", "module": "database", "func": "ensure_db_exists", "line": 24}
{"timestamp": "2025-12-10 16:48:57,927", "level": "INFO", "logger": "core.database", "message": "Database initialized successfully.", "module": "database", "func": "ensure_db_exists", "line": 142}
{"timestamp": "2025-12-10 16:48:57,938", "level": "INFO", "logger": "aiogram.dispatcher", "message": "Start polling", "module": "dispatcher", "func": "start_polling", "line": 566}
{"timestamp": "2025-12-10 16:48:58,696", "level": "INFO", "logger": "aiogram.dispatcher", "message": "Run polling for bot @teremok_manager_bot id=8200223342 - 'Теремок Симулятор Менеджера'", "module": "dispatcher", "func": "_polling", "line": 363}
{"timestamp": "2025-12-10 16:50:07,074", "level": "INFO", "logger": "aiogram.event", "message": "Update id=655974777 is handled. Duration 864 ms by bot id=8200223342", "module": "dispatcher", "func": "feed_update", "line": 172}
{"timestamp": "2025-12-10 16:52:20,897", "level": "WARNING", "logger": "aiogram.dispatcher", "message": "Received SIGTERM signal", "module": "dispatcher", "func": "_signal_stop_polling", "line": 491}
{"timestamp": "2025-12-10 16:52:20,899", "level": "INFO", "logger": "aiogram.dispatcher", "message": "Polling stopped for bot @teremok_manager_bot id=8200223342 - 'Теремок Симулятор Менеджера'", "module": "dispatcher", "func": "_polling", "line": 395}
{"timestamp": "2025-12-10 16:52:20,900", "level": "INFO", "logger": "aiogram.dispatcher", "message": "Polling stopped", "module": "dispatcher", "func": "start_polling", "line": 594}
{"timestamp": "2025-12-10 16:52:21,055", "level": "INFO", "logger": "infrastructure.db", "message": "Database connection pool closed", "module": "db", "func": "disconnect", "line": 29}
{"timestamp": "2025-12-10 16:52:21,056", "level": "WARNING", "logger": "aiogram.dispatcher", "message": "Received SIGTERM signal", "module": "dispatcher", "func": "_signal_stop_polling", "line": 491}
{"timestamp": "2025-12-10 16:52:38,441", "level": "INFO", "logger": "infrastructure.db", "message": "Database connection pool created", "module": "db", "func": "connect", "line": 19}
{"timestamp": "2025-12-10 16:52:38,441", "level": "INFO", "logger": "core.database", "message": "Using existing pool for DB init.", "module": "database", "func": "ensure_db_exists", "line": 24}
{"timestamp": "2025-12-10 16:52:38,446", "level": "INFO", "logger": "core.database", "message": "Database initialized successfully.", "module": "database", "func": "ensure_db_exists", "line": 142}
{"timestamp": "2025-12-10 16:52:38,451", "level": "INFO", "logger": "aiogram.dispatcher", "message": "Start polling", "module": "dispatcher", "func": "start_polling", "line": 566}
{"timestamp": "2025-12-10 16:52:39,052", "level": "INFO", "logger": "aiogram.dispatcher", "message": "Run polling for bot @teremok_manager_bot id=8200223342 - 'Теремок Симулятор Менеджера'", "module": "dispatcher", "func": "_polling", "line": 363}
{"timestamp": "2025-12-10 17:34:33,047", "level": "INFO", "logger": "aiogram.event", "message": "Update id=655974778 is handled. Duration 619 ms by bot id=8200223342", "module": "dispatcher", "func": "feed_update", "line": 172}
{"timestamp": "2025-12-10 17:35:07,617", "level": "INFO", "logger": "infrastructure.db", "message": "Database connection pool created", "module": "db", "func": "connect", "line": 19}
{"timestamp": "2025-12-10 17:35:07,619", "level": "INFO", "logger": "core.database", "message": "Using existing pool for DB init.", "module": "database", "func": "ensure_db_exists", "line": 24}
{"timestamp": "2025-12-10 17:35:07,636", "level": "INFO", "logger": "core.database", "message": "Database initialized successfully.", "module": "database", "func": "ensure_db_exists", "line": 142}
{"timestamp": "2025-12-10 17:35:07,658", "level": "INFO", "logger": "infrastructure.db", "message": "Database connection pool closed", "module": "db", "func": "disconnect", "line": 29}
{"timestamp": "2025-12-10 17:35:07,836", "level": "ERROR", "logger": "asyncio", "message": "Unclosed client session\nclient_session: <aiohttp.client.ClientSession object at 0x10cb1cad0>", "module": "base_events", "func": "default_exception_handler", "line": 1833}
{"timestamp": "2025-12-10 17:35:07,836", "level": "ERROR", "logger": "asyncio", "message": "Task exception was never retrieved\nfuture: <Task finished name='Task-1' coro=<main() done, defined at /Library/teremok_game_bot/main.py:48> exception=SystemExit(1)>", "module": "base_events", "func": "default_exception_handler", "line": 1833, "exception": "Traceback (most recent call last):\n  File \"/Library/teremok_game_bot/venv/lib/python3.12/site-packages/uvicorn/server.py\", line 164, in startup\n    server = await loop.create_server(\n             ^^^^^^^^^^^^^^^^^^^^^^^^^\n  File \"/opt/homebrew/Cellar/python@3.12/3.12.12/Frameworks/Python.framework/Versions/3.12/lib/python3.12/asyncio/base_events.py\", line 1584, in create_server\n    raise OSError(err.errno, msg) from None\nOSError: [Errno 48] error while attempting to bind on address ('0.0.0.0', 8000): [errno 48] address already in use\n\nDuring handling of the above exception, another exception occurred:\n\nTraceback (most recent call last):\n  File \"/Library/teremok_game_bot/main.py\", line 72, in <module>\n    asyncio.run(main())\n  File \"/opt/homebrew/Cellar/python@3.12/3.12.12/Frameworks/Python.framework/Versions/3.12/lib/python3.12/asyncio/runners.py\", line 194, in run\n    with Runner(debug=debug, loop_factory=loop_factory) as runner:\n         ^^^^^^^^^^^^^^^^^^^^^^^^^^^^^^^^^^^^^^^^^^^^^^\n  File \"/opt/homebrew/Cellar/python@3.12/3.12.12/Frameworks/Python.framework/Versions/3.12/lib/python3.12/asyncio/runners.py\", line 62, in __exit__\n    self.close()\n  File \"/opt/homebrew/Cellar/python@3.12/3.12.12/Frameworks/Python.framework/Versions/3.12/lib/python3.12/asyncio/runners.py\", line 70, in close\n    _cancel_all_tasks(loop)\n  File \"/opt/homebrew/Cellar/python@3.12/3.12.12/Frameworks/Python.framework/Versions/3.12/lib/python3.12/asyncio/runners.py\", line 206, in _cancel_all_tasks\n    loop.run_until_complete(tasks.gather(*to_cancel, return_exceptions=True))\n  File \"/opt/homebrew/Cellar/python@3.12/3.12.12/Frameworks/Python.framework/Versions/3.12/lib/python3.12/asyncio/base_events.py\", line 678, in run_until_complete\n    self.run_forever()\n  File \"/opt/homebrew/Cellar/python@3.12/3.12.12/Frameworks/Python.framework/Versions/3.12/lib/python3.12/asyncio/base_events.py\", line 645, in run_forever\n    self._run_once()\n  File \"/opt/homebrew/Cellar/python@3.12/3.12.12/Frameworks/Python.framework/Versions/3.12/lib/python3.12/asyncio/base_events.py\", line 1999, in _run_once\n    handle._run()\n  File \"/opt/homebrew/Cellar/python@3.12/3.12.12/Frameworks/Python.framework/Versions/3.12/lib/python3.12/asyncio/events.py\", line 88, in _run\n    self._context.run(self._callback, *self._args)\n  File \"/Library/teremok_game_bot/main.py\", line 62, in main\n    await asyncio.gather(\n  File \"/opt/homebrew/Cellar/python@3.12/3.12.12/Frameworks/Python.framework/Versions/3.12/lib/python3.12/asyncio/runners.py\", line 195, in run\n    return runner.run(main)\n           ^^^^^^^^^^^^^^^^\n  File \"/opt/homebrew/Cellar/python@3.12/3.12.12/Frameworks/Python.framework/Versions/3.12/lib/python3.12/asyncio/runners.py\", line 118, in run\n    return self._loop.run_until_complete(task)\n           ^^^^^^^^^^^^^^^^^^^^^^^^^^^^^^^^^^^\n  File \"/opt/homebrew/Cellar/python@3.12/3.12.12/Frameworks/Python.framework/Versions/3.12/lib/python3.12/asyncio/base_events.py\", line 678, in run_until_complete\n    self.run_forever()\n  File \"/opt/homebrew/Cellar/python@3.12/3.12.12/Frameworks/Python.framework/Versions/3.12/lib/python3.12/asyncio/base_events.py\", line 645, in run_forever\n    self._run_once()\n  File \"/opt/homebrew/Cellar/python@3.12/3.12.12/Frameworks/Python.framework/Versions/3.12/lib/python3.12/asyncio/base_events.py\", line 1999, in _run_once\n    handle._run()\n  File \"/opt/homebrew/Cellar/python@3.12/3.12.12/Frameworks/Python.framework/Versions/3.12/lib/python3.12/asyncio/events.py\", line 88, in _run\n    self._context.run(self._callback, *self._args)\n  File \"/Library/teremok_game_bot/main.py\", line 46, in start_web\n    await server.serve()\n  File \"/Library/teremok_game_bot/venv/lib/python3.12/site-packages/uvicorn/server.py\", line 71, in serve\n    await self._serve(sockets)\n  File \"/Library/teremok_game_bot/venv/lib/python3.12/site-packages/uvicorn/server.py\", line 86, in _serve\n    await self.startup(sockets=sockets)\n  File \"/Library/teremok_game_bot/venv/lib/python3.12/site-packages/uvicorn/server.py\", line 174, in startup\n    sys.exit(1)\nSystemExit: 1"}
{"timestamp": "2025-12-10 17:35:26,690", "level": "WARNING", "logger": "aiogram.dispatcher", "message": "Received SIGTERM signal", "module": "dispatcher", "func": "_signal_stop_polling", "line": 491}
{"timestamp": "2025-12-10 17:35:26,691", "level": "INFO", "logger": "aiogram.dispatcher", "message": "Polling stopped for bot @teremok_manager_bot id=8200223342 - 'Теремок Симулятор Менеджера'", "module": "dispatcher", "func": "_polling", "line": 395}
{"timestamp": "2025-12-10 17:35:26,692", "level": "INFO", "logger": "aiogram.dispatcher", "message": "Polling stopped", "module": "dispatcher", "func": "start_polling", "line": 594}
{"timestamp": "2025-12-10 17:35:26,878", "level": "INFO", "logger": "infrastructure.db", "message": "Database connection pool closed", "module": "db", "func": "disconnect", "line": 29}
{"timestamp": "2025-12-10 17:35:26,879", "level": "WARNING", "logger": "aiogram.dispatcher", "message": "Received SIGTERM signal", "module": "dispatcher", "func": "_signal_stop_polling", "line": 491}
{"timestamp": "2025-12-10 17:35:32,595", "level": "INFO", "logger": "infrastructure.db", "message": "Database connection pool created", "module": "db", "func": "connect", "line": 19}
{"timestamp": "2025-12-10 17:35:32,595", "level": "INFO", "logger": "core.database", "message": "Using existing pool for DB init.", "module": "database", "func": "ensure_db_exists", "line": 24}
{"timestamp": "2025-12-10 17:35:32,599", "level": "INFO", "logger": "core.database", "message": "Database initialized successfully.", "module": "database", "func": "ensure_db_exists", "line": 142}
{"timestamp": "2025-12-10 17:35:33,222", "level": "INFO", "logger": "aiogram.dispatcher", "message": "Start polling", "module": "dispatcher", "func": "start_polling", "line": 566}
{"timestamp": "2025-12-10 17:35:33,416", "level": "INFO", "logger": "aiogram.dispatcher", "message": "Run polling for bot @teremok_manager_bot id=8200223342 - 'Теремок Симулятор Менеджера'", "module": "dispatcher", "func": "_polling", "line": 363}
{"timestamp": "2025-12-10 17:36:13,767", "level": "INFO", "logger": "core.telegram_checks", "message": "Проверка подписки для user_id=7230904491: status=creator, subscribed=True", "module": "telegram_checks", "func": "is_subscribed_to_required_channel", "line": 38}
{"timestamp": "2025-12-10 17:36:18,718", "level": "INFO", "logger": "web.routes", "message": "Formula RSP result saved for 7230904491: status (ID: 9)", "module": "routes", "func": "submit_formula_rsp_results", "line": 440}
{"timestamp": "2025-12-10 17:36:23,185", "level": "ERROR", "logger": "core.google_sheets", "message": "Google Sheets webhook failed: ", "module": "google_sheets", "func": "send_to_sheets", "line": 41}
{"timestamp": "2025-12-10 17:36:23,185", "level": "ERROR", "logger": "web.routes", "message": "Error in submit_formula_rsp_results: 'FormulaRSPResult' object has no attribute 'primary_type_name'", "module": "routes", "func": "submit_formula_rsp_results", "line": 488}
{"timestamp": "2025-12-10 17:36:31,711", "level": "INFO", "logger": "core.telegram_checks", "message": "Проверка подписки для user_id=7230904491: status=creator, subscribed=True", "module": "telegram_checks", "func": "is_subscribed_to_required_channel", "line": 38}
{"timestamp": "2025-12-10 17:36:42,579", "level": "INFO", "logger": "web.routes", "message": "Test result saved for user 7230904491: fox (ID: 2)", "module": "routes", "func": "submit_test_results", "line": 211}
{"timestamp": "2025-12-10 17:36:42,580", "level": "ERROR", "logger": "web.routes", "message": "Failed to export test to sheets: 'UserContact' object has no attribute 'get'", "module": "routes", "func": "submit_test_results", "line": 236}
{"timestamp": "2025-12-10 17:36:52,913", "level": "INFO", "logger": "core.telegram_checks", "message": "Проверка подписки для user_id=7230904491: status=creator, subscribed=True", "module": "telegram_checks", "func": "is_subscribed_to_required_channel", "line": 38}
{"timestamp": "2025-12-10 17:37:01,553", "level": "INFO", "logger": "web.routes", "message": "Formula RSP result saved for 7230904491: result (ID: 10)", "module": "routes", "func": "submit_formula_rsp_results", "line": 440}
{"timestamp": "2025-12-10 17:37:05,661", "level": "INFO", "logger": "httpx", "message": "HTTP Request: POST https://script.google.com/macros/s/AKfycbyblfXFp92JTRBd4HtrfvviTO9y9swGa2Kf867FIg5SI9qbVCGyDlC6rk46Cea4zpfz/exec \"HTTP/1.1 302 Moved Temporarily\"", "module": "_client", "func": "_send_single_request", "line": 1740}
{"timestamp": "2025-12-10 17:37:05,664", "level": "ERROR", "logger": "core.google_sheets", "message": "Google Sheets webhook error: 302", "module": "google_sheets", "func": "send_to_sheets", "line": 37}
{"timestamp": "2025-12-10 17:37:05,665", "level": "ERROR", "logger": "web.routes", "message": "Error in submit_formula_rsp_results: 'FormulaRSPResult' object has no attribute 'primary_type_name'", "module": "routes", "func": "submit_formula_rsp_results", "line": 488}
{"timestamp": "2025-12-10 17:37:15,668", "level": "INFO", "logger": "web.routes", "message": "Formula RSP result saved for 7230904491: result (ID: 11)", "module": "routes", "func": "submit_formula_rsp_results", "line": 440}
{"timestamp": "2025-12-10 17:37:20,025", "level": "ERROR", "logger": "core.google_sheets", "message": "Google Sheets webhook failed: ", "module": "google_sheets", "func": "send_to_sheets", "line": 41}
{"timestamp": "2025-12-10 17:37:20,026", "level": "ERROR", "logger": "web.routes", "message": "Error in submit_formula_rsp_results: 'FormulaRSPResult' object has no attribute 'primary_type_name'", "module": "routes", "func": "submit_formula_rsp_results", "line": 488}
{"timestamp": "2025-12-10 17:38:50,385", "level": "WARNING", "logger": "aiogram.dispatcher", "message": "Received SIGTERM signal", "module": "dispatcher", "func": "_signal_stop_polling", "line": 491}
{"timestamp": "2025-12-10 17:38:50,387", "level": "INFO", "logger": "aiogram.dispatcher", "message": "Polling stopped for bot @teremok_manager_bot id=8200223342 - 'Теремок Симулятор Менеджера'", "module": "dispatcher", "func": "_polling", "line": 395}
{"timestamp": "2025-12-10 17:38:50,387", "level": "INFO", "logger": "aiogram.dispatcher", "message": "Polling stopped", "module": "dispatcher", "func": "start_polling", "line": 594}
{"timestamp": "2025-12-10 17:38:55,577", "level": "INFO", "logger": "infrastructure.db", "message": "Database connection pool created", "module": "db", "func": "connect", "line": 19}
{"timestamp": "2025-12-10 17:38:55,578", "level": "INFO", "logger": "core.database", "message": "Using existing pool for DB init.", "module": "database", "func": "ensure_db_exists", "line": 24}
{"timestamp": "2025-12-10 17:38:55,581", "level": "INFO", "logger": "core.database", "message": "Database initialized successfully.", "module": "database", "func": "ensure_db_exists", "line": 142}
{"timestamp": "2025-12-10 17:38:55,597", "level": "INFO", "logger": "infrastructure.db", "message": "Database connection pool closed", "module": "db", "func": "disconnect", "line": 29}
{"timestamp": "2025-12-10 17:38:55,619", "level": "ERROR", "logger": "asyncio", "message": "Task exception was never retrieved\nfuture: <Task finished name='Task-1' coro=<main() done, defined at /Library/teremok_game_bot/main.py:48> exception=SystemExit(1)>", "module": "base_events", "func": "default_exception_handler", "line": 1833, "exception": "Traceback (most recent call last):\n  File \"/Library/teremok_game_bot/venv/lib/python3.12/site-packages/uvicorn/server.py\", line 164, in startup\n    server = await loop.create_server(\n             ^^^^^^^^^^^^^^^^^^^^^^^^^\n  File \"/opt/homebrew/Cellar/python@3.12/3.12.12/Frameworks/Python.framework/Versions/3.12/lib/python3.12/asyncio/base_events.py\", line 1584, in create_server\n    raise OSError(err.errno, msg) from None\nOSError: [Errno 48] error while attempting to bind on address ('0.0.0.0', 8000): [errno 48] address already in use\n\nDuring handling of the above exception, another exception occurred:\n\nTraceback (most recent call last):\n  File \"/Library/teremok_game_bot/main.py\", line 72, in <module>\n    asyncio.run(main())\n  File \"/opt/homebrew/Cellar/python@3.12/3.12.12/Frameworks/Python.framework/Versions/3.12/lib/python3.12/asyncio/runners.py\", line 194, in run\n    with Runner(debug=debug, loop_factory=loop_factory) as runner:\n         ^^^^^^^^^^^^^^^^^^^^^^^^^^^^^^^^^^^^^^^^^^^^^^\n  File \"/opt/homebrew/Cellar/python@3.12/3.12.12/Frameworks/Python.framework/Versions/3.12/lib/python3.12/asyncio/runners.py\", line 62, in __exit__\n    self.close()\n  File \"/opt/homebrew/Cellar/python@3.12/3.12.12/Frameworks/Python.framework/Versions/3.12/lib/python3.12/asyncio/runners.py\", line 70, in close\n    _cancel_all_tasks(loop)\n  File \"/opt/homebrew/Cellar/python@3.12/3.12.12/Frameworks/Python.framework/Versions/3.12/lib/python3.12/asyncio/runners.py\", line 206, in _cancel_all_tasks\n    loop.run_until_complete(tasks.gather(*to_cancel, return_exceptions=True))\n  File \"/opt/homebrew/Cellar/python@3.12/3.12.12/Frameworks/Python.framework/Versions/3.12/lib/python3.12/asyncio/base_events.py\", line 678, in run_until_complete\n    self.run_forever()\n  File \"/opt/homebrew/Cellar/python@3.12/3.12.12/Frameworks/Python.framework/Versions/3.12/lib/python3.12/asyncio/base_events.py\", line 645, in run_forever\n    self._run_once()\n  File \"/opt/homebrew/Cellar/python@3.12/3.12.12/Frameworks/Python.framework/Versions/3.12/lib/python3.12/asyncio/base_events.py\", line 1999, in _run_once\n    handle._run()\n  File \"/opt/homebrew/Cellar/python@3.12/3.12.12/Frameworks/Python.framework/Versions/3.12/lib/python3.12/asyncio/events.py\", line 88, in _run\n    self._context.run(self._callback, *self._args)\n  File \"/Library/teremok_game_bot/main.py\", line 62, in main\n    await asyncio.gather(\n  File \"/opt/homebrew/Cellar/python@3.12/3.12.12/Frameworks/Python.framework/Versions/3.12/lib/python3.12/asyncio/runners.py\", line 195, in run\n    return runner.run(main)\n           ^^^^^^^^^^^^^^^^\n  File \"/opt/homebrew/Cellar/python@3.12/3.12.12/Frameworks/Python.framework/Versions/3.12/lib/python3.12/asyncio/runners.py\", line 118, in run\n    return self._loop.run_until_complete(task)\n           ^^^^^^^^^^^^^^^^^^^^^^^^^^^^^^^^^^^\n  File \"/opt/homebrew/Cellar/python@3.12/3.12.12/Frameworks/Python.framework/Versions/3.12/lib/python3.12/asyncio/base_events.py\", line 678, in run_until_complete\n    self.run_forever()\n  File \"/opt/homebrew/Cellar/python@3.12/3.12.12/Frameworks/Python.framework/Versions/3.12/lib/python3.12/asyncio/base_events.py\", line 645, in run_forever\n    self._run_once()\n  File \"/opt/homebrew/Cellar/python@3.12/3.12.12/Frameworks/Python.framework/Versions/3.12/lib/python3.12/asyncio/base_events.py\", line 1999, in _run_once\n    handle._run()\n  File \"/opt/homebrew/Cellar/python@3.12/3.12.12/Frameworks/Python.framework/Versions/3.12/lib/python3.12/asyncio/events.py\", line 88, in _run\n    self._context.run(self._callback, *self._args)\n  File \"/Library/teremok_game_bot/main.py\", line 46, in start_web\n    await server.serve()\n  File \"/Library/teremok_game_bot/venv/lib/python3.12/site-packages/uvicorn/server.py\", line 71, in serve\n    await self._serve(sockets)\n  File \"/Library/teremok_game_bot/venv/lib/python3.12/site-packages/uvicorn/server.py\", line 86, in _serve\n    await self.startup(sockets=sockets)\n  File \"/Library/teremok_game_bot/venv/lib/python3.12/site-packages/uvicorn/server.py\", line 174, in startup\n    sys.exit(1)\nSystemExit: 1"}
{"timestamp": "2025-12-10 17:38:55,648", "level": "ERROR", "logger": "asyncio", "message": "Unclosed client session\nclient_session: <aiohttp.client.ClientSession object at 0x10cceeb70>", "module": "base_events", "func": "default_exception_handler", "line": 1833}
{"timestamp": "2025-12-10 17:39:16,678", "level": "INFO", "logger": "infrastructure.db", "message": "Database connection pool created", "module": "db", "func": "connect", "line": 19}
{"timestamp": "2025-12-10 17:39:16,678", "level": "INFO", "logger": "core.database", "message": "Using existing pool for DB init.", "module": "database", "func": "ensure_db_exists", "line": 24}
{"timestamp": "2025-12-10 17:39:16,681", "level": "INFO", "logger": "core.database", "message": "Database initialized successfully.", "module": "database", "func": "ensure_db_exists", "line": 142}
{"timestamp": "2025-12-10 17:39:16,696", "level": "INFO", "logger": "infrastructure.db", "message": "Database connection pool closed", "module": "db", "func": "disconnect", "line": 29}
{"timestamp": "2025-12-10 17:39:16,724", "level": "ERROR", "logger": "asyncio", "message": "Task exception was never retrieved\nfuture: <Task finished name='Task-1' coro=<main() done, defined at /Library/teremok_game_bot/main.py:48> exception=SystemExit(1)>", "module": "base_events", "func": "default_exception_handler", "line": 1833, "exception": "Traceback (most recent call last):\n  File \"/Library/teremok_game_bot/venv/lib/python3.12/site-packages/uvicorn/server.py\", line 164, in startup\n    server = await loop.create_server(\n             ^^^^^^^^^^^^^^^^^^^^^^^^^\n  File \"/opt/homebrew/Cellar/python@3.12/3.12.12/Frameworks/Python.framework/Versions/3.12/lib/python3.12/asyncio/base_events.py\", line 1584, in create_server\n    raise OSError(err.errno, msg) from None\nOSError: [Errno 48] error while attempting to bind on address ('0.0.0.0', 8000): [errno 48] address already in use\n\nDuring handling of the above exception, another exception occurred:\n\nTraceback (most recent call last):\n  File \"/Library/teremok_game_bot/main.py\", line 72, in <module>\n    asyncio.run(main())\n  File \"/opt/homebrew/Cellar/python@3.12/3.12.12/Frameworks/Python.framework/Versions/3.12/lib/python3.12/asyncio/runners.py\", line 194, in run\n    with Runner(debug=debug, loop_factory=loop_factory) as runner:\n         ^^^^^^^^^^^^^^^^^^^^^^^^^^^^^^^^^^^^^^^^^^^^^^\n  File \"/opt/homebrew/Cellar/python@3.12/3.12.12/Frameworks/Python.framework/Versions/3.12/lib/python3.12/asyncio/runners.py\", line 62, in __exit__\n    self.close()\n  File \"/opt/homebrew/Cellar/python@3.12/3.12.12/Frameworks/Python.framework/Versions/3.12/lib/python3.12/asyncio/runners.py\", line 70, in close\n    _cancel_all_tasks(loop)\n  File \"/opt/homebrew/Cellar/python@3.12/3.12.12/Frameworks/Python.framework/Versions/3.12/lib/python3.12/asyncio/runners.py\", line 206, in _cancel_all_tasks\n    loop.run_until_complete(tasks.gather(*to_cancel, return_exceptions=True))\n  File \"/opt/homebrew/Cellar/python@3.12/3.12.12/Frameworks/Python.framework/Versions/3.12/lib/python3.12/asyncio/base_events.py\", line 678, in run_until_complete\n    self.run_forever()\n  File \"/opt/homebrew/Cellar/python@3.12/3.12.12/Frameworks/Python.framework/Versions/3.12/lib/python3.12/asyncio/base_events.py\", line 645, in run_forever\n    self._run_once()\n  File \"/opt/homebrew/Cellar/python@3.12/3.12.12/Frameworks/Python.framework/Versions/3.12/lib/python3.12/asyncio/base_events.py\", line 1999, in _run_once\n    handle._run()\n  File \"/opt/homebrew/Cellar/python@3.12/3.12.12/Frameworks/Python.framework/Versions/3.12/lib/python3.12/asyncio/events.py\", line 88, in _run\n    self._context.run(self._callback, *self._args)\n  File \"/Library/teremok_game_bot/main.py\", line 62, in main\n    await asyncio.gather(\n  File \"/opt/homebrew/Cellar/python@3.12/3.12.12/Frameworks/Python.framework/Versions/3.12/lib/python3.12/asyncio/runners.py\", line 195, in run\n    return runner.run(main)\n           ^^^^^^^^^^^^^^^^\n  File \"/opt/homebrew/Cellar/python@3.12/3.12.12/Frameworks/Python.framework/Versions/3.12/lib/python3.12/asyncio/runners.py\", line 118, in run\n    return self._loop.run_until_complete(task)\n           ^^^^^^^^^^^^^^^^^^^^^^^^^^^^^^^^^^^\n  File \"/opt/homebrew/Cellar/python@3.12/3.12.12/Frameworks/Python.framework/Versions/3.12/lib/python3.12/asyncio/base_events.py\", line 678, in run_until_complete\n    self.run_forever()\n  File \"/opt/homebrew/Cellar/python@3.12/3.12.12/Frameworks/Python.framework/Versions/3.12/lib/python3.12/asyncio/base_events.py\", line 645, in run_forever\n    self._run_once()\n  File \"/opt/homebrew/Cellar/python@3.12/3.12.12/Frameworks/Python.framework/Versions/3.12/lib/python3.12/asyncio/base_events.py\", line 1999, in _run_once\n    handle._run()\n  File \"/opt/homebrew/Cellar/python@3.12/3.12.12/Frameworks/Python.framework/Versions/3.12/lib/python3.12/asyncio/events.py\", line 88, in _run\n    self._context.run(self._callback, *self._args)\n  File \"/Library/teremok_game_bot/main.py\", line 46, in start_web\n    await server.serve()\n  File \"/Library/teremok_game_bot/venv/lib/python3.12/site-packages/uvicorn/server.py\", line 71, in serve\n    await self._serve(sockets)\n  File \"/Library/teremok_game_bot/venv/lib/python3.12/site-packages/uvicorn/server.py\", line 86, in _serve\n    await self.startup(sockets=sockets)\n  File \"/Library/teremok_game_bot/venv/lib/python3.12/site-packages/uvicorn/server.py\", line 174, in startup\n    sys.exit(1)\nSystemExit: 1"}
{"timestamp": "2025-12-10 17:39:16,774", "level": "ERROR", "logger": "asyncio", "message": "Unclosed client session\nclient_session: <aiohttp.client.ClientSession object at 0x10b4ccfb0>", "module": "base_events", "func": "default_exception_handler", "line": 1833}
{"timestamp": "2025-12-10 17:39:24,909", "level": "INFO", "logger": "infrastructure.db", "message": "Database connection pool created", "module": "db", "func": "connect", "line": 19}
{"timestamp": "2025-12-10 17:39:24,909", "level": "INFO", "logger": "core.database", "message": "Using existing pool for DB init.", "module": "database", "func": "ensure_db_exists", "line": 24}
{"timestamp": "2025-12-10 17:39:24,913", "level": "INFO", "logger": "core.database", "message": "Database initialized successfully.", "module": "database", "func": "ensure_db_exists", "line": 142}
{"timestamp": "2025-12-10 17:39:24,927", "level": "INFO", "logger": "infrastructure.db", "message": "Database connection pool closed", "module": "db", "func": "disconnect", "line": 29}
{"timestamp": "2025-12-10 17:39:24,949", "level": "ERROR", "logger": "asyncio", "message": "Task exception was never retrieved\nfuture: <Task finished name='Task-1' coro=<main() done, defined at /Library/teremok_game_bot/main.py:48> exception=SystemExit(1)>", "module": "base_events", "func": "default_exception_handler", "line": 1833, "exception": "Traceback (most recent call last):\n  File \"/Library/teremok_game_bot/venv/lib/python3.12/site-packages/uvicorn/server.py\", line 164, in startup\n    server = await loop.create_server(\n             ^^^^^^^^^^^^^^^^^^^^^^^^^\n  File \"/opt/homebrew/Cellar/python@3.12/3.12.12/Frameworks/Python.framework/Versions/3.12/lib/python3.12/asyncio/base_events.py\", line 1584, in create_server\n    raise OSError(err.errno, msg) from None\nOSError: [Errno 48] error while attempting to bind on address ('0.0.0.0', 8000): [errno 48] address already in use\n\nDuring handling of the above exception, another exception occurred:\n\nTraceback (most recent call last):\n  File \"/Library/teremok_game_bot/main.py\", line 72, in <module>\n    asyncio.run(main())\n  File \"/opt/homebrew/Cellar/python@3.12/3.12.12/Frameworks/Python.framework/Versions/3.12/lib/python3.12/asyncio/runners.py\", line 194, in run\n    with Runner(debug=debug, loop_factory=loop_factory) as runner:\n         ^^^^^^^^^^^^^^^^^^^^^^^^^^^^^^^^^^^^^^^^^^^^^^\n  File \"/opt/homebrew/Cellar/python@3.12/3.12.12/Frameworks/Python.framework/Versions/3.12/lib/python3.12/asyncio/runners.py\", line 62, in __exit__\n    self.close()\n  File \"/opt/homebrew/Cellar/python@3.12/3.12.12/Frameworks/Python.framework/Versions/3.12/lib/python3.12/asyncio/runners.py\", line 70, in close\n    _cancel_all_tasks(loop)\n  File \"/opt/homebrew/Cellar/python@3.12/3.12.12/Frameworks/Python.framework/Versions/3.12/lib/python3.12/asyncio/runners.py\", line 206, in _cancel_all_tasks\n    loop.run_until_complete(tasks.gather(*to_cancel, return_exceptions=True))\n  File \"/opt/homebrew/Cellar/python@3.12/3.12.12/Frameworks/Python.framework/Versions/3.12/lib/python3.12/asyncio/base_events.py\", line 678, in run_until_complete\n    self.run_forever()\n  File \"/opt/homebrew/Cellar/python@3.12/3.12.12/Frameworks/Python.framework/Versions/3.12/lib/python3.12/asyncio/base_events.py\", line 645, in run_forever\n    self._run_once()\n  File \"/opt/homebrew/Cellar/python@3.12/3.12.12/Frameworks/Python.framework/Versions/3.12/lib/python3.12/asyncio/base_events.py\", line 1999, in _run_once\n    handle._run()\n  File \"/opt/homebrew/Cellar/python@3.12/3.12.12/Frameworks/Python.framework/Versions/3.12/lib/python3.12/asyncio/events.py\", line 88, in _run\n    self._context.run(self._callback, *self._args)\n  File \"/Library/teremok_game_bot/main.py\", line 62, in main\n    await asyncio.gather(\n  File \"/opt/homebrew/Cellar/python@3.12/3.12.12/Frameworks/Python.framework/Versions/3.12/lib/python3.12/asyncio/runners.py\", line 195, in run\n    return runner.run(main)\n           ^^^^^^^^^^^^^^^^\n  File \"/opt/homebrew/Cellar/python@3.12/3.12.12/Frameworks/Python.framework/Versions/3.12/lib/python3.12/asyncio/runners.py\", line 118, in run\n    return self._loop.run_until_complete(task)\n           ^^^^^^^^^^^^^^^^^^^^^^^^^^^^^^^^^^^\n  File \"/opt/homebrew/Cellar/python@3.12/3.12.12/Frameworks/Python.framework/Versions/3.12/lib/python3.12/asyncio/base_events.py\", line 678, in run_until_complete\n    self.run_forever()\n  File \"/opt/homebrew/Cellar/python@3.12/3.12.12/Frameworks/Python.framework/Versions/3.12/lib/python3.12/asyncio/base_events.py\", line 645, in run_forever\n    self._run_once()\n  File \"/opt/homebrew/Cellar/python@3.12/3.12.12/Frameworks/Python.framework/Versions/3.12/lib/python3.12/asyncio/base_events.py\", line 1999, in _run_once\n    handle._run()\n  File \"/opt/homebrew/Cellar/python@3.12/3.12.12/Frameworks/Python.framework/Versions/3.12/lib/python3.12/asyncio/events.py\", line 88, in _run\n    self._context.run(self._callback, *self._args)\n  File \"/Library/teremok_game_bot/main.py\", line 46, in start_web\n    await server.serve()\n  File \"/Library/teremok_game_bot/venv/lib/python3.12/site-packages/uvicorn/server.py\", line 71, in serve\n    await self._serve(sockets)\n  File \"/Library/teremok_game_bot/venv/lib/python3.12/site-packages/uvicorn/server.py\", line 86, in _serve\n    await self.startup(sockets=sockets)\n  File \"/Library/teremok_game_bot/venv/lib/python3.12/site-packages/uvicorn/server.py\", line 174, in startup\n    sys.exit(1)\nSystemExit: 1"}
{"timestamp": "2025-12-10 17:39:24,977", "level": "ERROR", "logger": "asyncio", "message": "Unclosed client session\nclient_session: <aiohttp.client.ClientSession object at 0x10ae66bd0>", "module": "base_events", "func": "default_exception_handler", "line": 1833}
{"timestamp": "2025-12-10 17:39:38,482", "level": "INFO", "logger": "core.telegram_checks", "message": "Проверка подписки для user_id=7230904491: status=creator, subscribed=True", "module": "telegram_checks", "func": "is_subscribed_to_required_channel", "line": 38}
{"timestamp": "2025-12-10 17:39:46,380", "level": "INFO", "logger": "web.routes", "message": "Formula RSP result saved for 7230904491: result (ID: 12)", "module": "routes", "func": "submit_formula_rsp_results", "line": 440}
{"timestamp": "2025-12-10 17:39:50,636", "level": "ERROR", "logger": "core.google_sheets", "message": "Google Sheets webhook failed: ", "module": "google_sheets", "func": "send_to_sheets", "line": 41}
{"timestamp": "2025-12-10 17:39:50,636", "level": "ERROR", "logger": "web.routes", "message": "Error in submit_formula_rsp_results: 'FormulaRSPResult' object has no attribute 'primary_type_name'", "module": "routes", "func": "submit_formula_rsp_results", "line": 488}
{"timestamp": "2025-12-10 17:41:07,892", "level": "INFO", "logger": "infrastructure.db", "message": "Database connection pool created", "module": "db", "func": "connect", "line": 19}
{"timestamp": "2025-12-10 17:41:07,893", "level": "INFO", "logger": "core.database", "message": "Using existing pool for DB init.", "module": "database", "func": "ensure_db_exists", "line": 24}
{"timestamp": "2025-12-10 17:41:07,896", "level": "INFO", "logger": "core.database", "message": "Database initialized successfully.", "module": "database", "func": "ensure_db_exists", "line": 142}
{"timestamp": "2025-12-10 17:41:08,510", "level": "INFO", "logger": "aiogram.dispatcher", "message": "Start polling", "module": "dispatcher", "func": "start_polling", "line": 566}
{"timestamp": "2025-12-10 17:41:08,715", "level": "INFO", "logger": "aiogram.dispatcher", "message": "Run polling for bot @teremok_manager_bot id=8200223342 - 'Теремок Симулятор Менеджера'", "module": "dispatcher", "func": "_polling", "line": 363}
{"timestamp": "2025-12-10 17:41:28,885", "level": "INFO", "logger": "web.routes", "message": "Formula RSP result saved for 7230904491: result (ID: 13)", "module": "routes", "func": "submit_formula_rsp_results", "line": 440}
{"timestamp": "2025-12-10 17:41:33,211", "level": "ERROR", "logger": "core.google_sheets", "message": "Google Sheets webhook failed: ", "module": "google_sheets", "func": "send_to_sheets", "line": 41}
{"timestamp": "2025-12-10 17:41:39,301", "level": "INFO", "logger": "core.telegram_checks", "message": "Проверка подписки для user_id=7230904491: status=creator, subscribed=True", "module": "telegram_checks", "func": "is_subscribed_to_required_channel", "line": 38}
{"timestamp": "2025-12-10 17:41:47,034", "level": "INFO", "logger": "web.routes", "message": "Formula RSP result saved for 7230904491: result (ID: 14)", "module": "routes", "func": "submit_formula_rsp_results", "line": 440}
{"timestamp": "2025-12-10 17:41:51,346", "level": "ERROR", "logger": "core.google_sheets", "message": "Google Sheets webhook failed: ", "module": "google_sheets", "func": "send_to_sheets", "line": 41}
{"timestamp": "2025-12-10 18:06:19,686", "level": "ERROR", "logger": "aiogram.dispatcher", "message": "Failed to fetch updates - TelegramNetworkError: HTTP Client says - Request timeout error", "module": "dispatcher", "func": "_listen_updates", "line": 219}
{"timestamp": "2025-12-10 18:06:19,687", "level": "WARNING", "logger": "aiogram.dispatcher", "message": "Sleep for 1.000000 seconds and try again... (tryings = 0, bot id = 8200223342)", "module": "dispatcher", "func": "_listen_updates", "line": 221}
{"timestamp": "2025-12-10 18:24:31,166", "level": "ERROR", "logger": "aiogram.dispatcher", "message": "Failed to fetch updates - TelegramNetworkError: HTTP Client says - ClientConnectorError: Cannot connect to host api.telegram.org:443 ssl:default [Connect call failed ('149.154.167.220', 443)]", "module": "dispatcher", "func": "_listen_updates", "line": 219}
{"timestamp": "2025-12-10 18:24:31,166", "level": "WARNING", "logger": "aiogram.dispatcher", "message": "Sleep for 1.218815 seconds and try again... (tryings = 1, bot id = 8200223342)", "module": "dispatcher", "func": "_listen_updates", "line": 221}
{"timestamp": "2025-12-10 18:25:42,476", "level": "ERROR", "logger": "aiogram.dispatcher", "message": "Failed to fetch updates - TelegramNetworkError: HTTP Client says - Request timeout error", "module": "dispatcher", "func": "_listen_updates", "line": 219}
{"timestamp": "2025-12-10 18:25:42,477", "level": "WARNING", "logger": "aiogram.dispatcher", "message": "Sleep for 1.380550 seconds and try again... (tryings = 2, bot id = 8200223342)", "module": "dispatcher", "func": "_listen_updates", "line": 221}
{"timestamp": "2025-12-10 18:41:39,267", "level": "ERROR", "logger": "aiogram.dispatcher", "message": "Failed to fetch updates - TelegramNetworkError: HTTP Client says - ClientConnectorError: Cannot connect to host api.telegram.org:443 ssl:default [Connect call failed ('149.154.167.220', 443)]", "module": "dispatcher", "func": "_listen_updates", "line": 219}
{"timestamp": "2025-12-10 18:41:39,268", "level": "WARNING", "logger": "aiogram.dispatcher", "message": "Sleep for 1.831320 seconds and try again... (tryings = 3, bot id = 8200223342)", "module": "dispatcher", "func": "_listen_updates", "line": 221}
{"timestamp": "2025-12-10 18:57:45,168", "level": "ERROR", "logger": "aiogram.dispatcher", "message": "Failed to fetch updates - TelegramNetworkError: HTTP Client says - ClientConnectorError: Cannot connect to host api.telegram.org:443 ssl:default [Connect call failed ('149.154.167.220', 443)]", "module": "dispatcher", "func": "_listen_updates", "line": 219}
{"timestamp": "2025-12-10 18:57:45,171", "level": "WARNING", "logger": "aiogram.dispatcher", "message": "Sleep for 2.341548 seconds and try again... (tryings = 4, bot id = 8200223342)", "module": "dispatcher", "func": "_listen_updates", "line": 221}
{"timestamp": "2025-12-10 18:57:58,194", "level": "INFO", "logger": "aiogram.dispatcher", "message": "Connection established (tryings = 5, bot id = 8200223342)", "module": "dispatcher", "func": "_listen_updates", "line": 233}
{"timestamp": "2025-12-10 23:04:10,768", "level": "ERROR", "logger": "aiogram.dispatcher", "message": "Failed to fetch updates - TelegramNetworkError: HTTP Client says - Request timeout error", "module": "dispatcher", "func": "_listen_updates", "line": 219}
{"timestamp": "2025-12-10 23:04:10,772", "level": "WARNING", "logger": "aiogram.dispatcher", "message": "Sleep for 1.000000 seconds and try again... (tryings = 0, bot id = 8200223342)", "module": "dispatcher", "func": "_listen_updates", "line": 221}
{"timestamp": "2025-12-10 23:05:11,844", "level": "ERROR", "logger": "aiogram.dispatcher", "message": "Failed to fetch updates - TelegramNetworkError: HTTP Client says - ClientConnectorError: Cannot connect to host api.telegram.org:443 ssl:default [None]", "module": "dispatcher", "func": "_listen_updates", "line": 219}
{"timestamp": "2025-12-10 23:05:11,845", "level": "WARNING", "logger": "aiogram.dispatcher", "message": "Sleep for 1.332197 seconds and try again... (tryings = 1, bot id = 8200223342)", "module": "dispatcher", "func": "_listen_updates", "line": 221}
{"timestamp": "2025-12-10 23:06:23,757", "level": "ERROR", "logger": "aiogram.dispatcher", "message": "Failed to fetch updates - TelegramNetworkError: HTTP Client says - Request timeout error", "module": "dispatcher", "func": "_listen_updates", "line": 219}
{"timestamp": "2025-12-10 23:06:23,759", "level": "WARNING", "logger": "aiogram.dispatcher", "message": "Sleep for 1.915570 seconds and try again... (tryings = 2, bot id = 8200223342)", "module": "dispatcher", "func": "_listen_updates", "line": 221}
{"timestamp": "2025-12-10 23:06:36,011", "level": "INFO", "logger": "aiogram.dispatcher", "message": "Connection established (tryings = 3, bot id = 8200223342)", "module": "dispatcher", "func": "_listen_updates", "line": 233}
{"timestamp": "2025-12-10 23:08:16,756", "level": "ERROR", "logger": "aiogram.dispatcher", "message": "Failed to fetch updates - TelegramNetworkError: HTTP Client says - Request timeout error", "module": "dispatcher", "func": "_listen_updates", "line": 219}
{"timestamp": "2025-12-10 23:08:16,758", "level": "WARNING", "logger": "aiogram.dispatcher", "message": "Sleep for 1.000000 seconds and try again... (tryings = 0, bot id = 8200223342)", "module": "dispatcher", "func": "_listen_updates", "line": 221}
{"timestamp": "2025-12-10 23:09:22,834", "level": "ERROR", "logger": "aiogram.dispatcher", "message": "Failed to fetch updates - TelegramNetworkError: HTTP Client says - ClientConnectorError: Cannot connect to host api.telegram.org:443 ssl:default [None]", "module": "dispatcher", "func": "_listen_updates", "line": 219}
{"timestamp": "2025-12-10 23:09:22,835", "level": "WARNING", "logger": "aiogram.dispatcher", "message": "Sleep for 1.349482 seconds and try again... (tryings = 1, bot id = 8200223342)", "module": "dispatcher", "func": "_listen_updates", "line": 221}
{"timestamp": "2025-12-10 23:10:24,255", "level": "ERROR", "logger": "aiogram.dispatcher", "message": "Failed to fetch updates - TelegramNetworkError: HTTP Client says - ClientConnectorError: Cannot connect to host api.telegram.org:443 ssl:default [None]", "module": "dispatcher", "func": "_listen_updates", "line": 219}
{"timestamp": "2025-12-10 23:10:24,257", "level": "WARNING", "logger": "aiogram.dispatcher", "message": "Sleep for 1.734542 seconds and try again... (tryings = 2, bot id = 8200223342)", "module": "dispatcher", "func": "_listen_updates", "line": 221}
{"timestamp": "2025-12-10 23:11:26,062", "level": "ERROR", "logger": "aiogram.dispatcher", "message": "Failed to fetch updates - TelegramNetworkError: HTTP Client says - ClientConnectorError: Cannot connect to host api.telegram.org:443 ssl:default [None]", "module": "dispatcher", "func": "_listen_updates", "line": 219}
{"timestamp": "2025-12-10 23:11:26,064", "level": "WARNING", "logger": "aiogram.dispatcher", "message": "Sleep for 2.334287 seconds and try again... (tryings = 3, bot id = 8200223342)", "module": "dispatcher", "func": "_listen_updates", "line": 221}
{"timestamp": "2025-12-10 23:12:32,479", "level": "ERROR", "logger": "aiogram.dispatcher", "message": "Failed to fetch updates - TelegramNetworkError: HTTP Client says - ClientConnectorError: Cannot connect to host api.telegram.org:443 ssl:default [None]", "module": "dispatcher", "func": "_listen_updates", "line": 219}
{"timestamp": "2025-12-10 23:12:32,479", "level": "WARNING", "logger": "aiogram.dispatcher", "message": "Sleep for 2.999925 seconds and try again... (tryings = 4, bot id = 8200223342)", "module": "dispatcher", "func": "_listen_updates", "line": 221}
{"timestamp": "2025-12-10 23:13:36,554", "level": "ERROR", "logger": "aiogram.dispatcher", "message": "Failed to fetch updates - TelegramNetworkError: HTTP Client says - ClientConnectorError: Cannot connect to host api.telegram.org:443 ssl:default [None]", "module": "dispatcher", "func": "_listen_updates", "line": 219}
{"timestamp": "2025-12-10 23:13:36,555", "level": "WARNING", "logger": "aiogram.dispatcher", "message": "Sleep for 4.042486 seconds and try again... (tryings = 5, bot id = 8200223342)", "module": "dispatcher", "func": "_listen_updates", "line": 221}
{"timestamp": "2025-12-10 23:14:44,676", "level": "ERROR", "logger": "aiogram.dispatcher", "message": "Failed to fetch updates - TelegramNetworkError: HTTP Client says - ClientConnectorError: Cannot connect to host api.telegram.org:443 ssl:default [None]", "module": "dispatcher", "func": "_listen_updates", "line": 219}
{"timestamp": "2025-12-10 23:14:44,678", "level": "WARNING", "logger": "aiogram.dispatcher", "message": "Sleep for 4.950325 seconds and try again... (tryings = 6, bot id = 8200223342)", "module": "dispatcher", "func": "_listen_updates", "line": 221}
{"timestamp": "2025-12-10 23:15:00,592", "level": "INFO", "logger": "aiogram.dispatcher", "message": "Connection established (tryings = 7, bot id = 8200223342)", "module": "dispatcher", "func": "_listen_updates", "line": 233}
